This is pdfTeX, Version 3.141592653-2.6-1.40.26 (MiKTeX 24.4) (preloaded format=pdflatex 2024.6.12)  21 JUN 2024 21:52
entering extended mode
 restricted \write18 enabled.
 file:line:error style messages enabled.
 %&-line parsing enabled.
**"c:/Users/miynzi/Desktop/noppppp/IS403_O22_HTCL_2/File b치o c치o Latex/Report.tex"
(c:/Users/miynzi/Desktop/noppppp/IS403_O22_HTCL_2/File b치o c치o Latex/Report.tex
LaTeX2e <2024-06-01>
L3 programming layer <2024-05-08>
(ieeeojies.cls (IEEEtran.cls
Document Class: IEEEtran 2015/08/26 V1.8b by Michael Shell
-- See the "IEEEtran_HOWTO" manual for usage information.
-- http://www.michaelshell.org/tex/ieeetran/
\@IEEEtrantmpdimenA=\dimen141
\@IEEEtrantmpdimenB=\dimen142
\@IEEEtrantmpdimenC=\dimen143
\@IEEEtrantmpcountA=\count194
\@IEEEtrantmpcountB=\count195
\@IEEEtrantmpcountC=\count196
\@IEEEtrantmptoksA=\toks17
LaTeX Font Info:    Trying to load font information for OT1+ptm on input line 503.
(C:\Program Files\MiKTeX\tex/latex/psnfss\ot1ptm.fd
File: ot1ptm.fd 2001/06/04 font definitions for OT1/ptm.
)
-- Using 8.5in x 11in (letter) paper.
-- Using PDF output.
\@IEEEnormalsizeunitybaselineskip=\dimen144
-- This is a 10 point document.
\CLASSINFOnormalsizebaselineskip=\dimen145
\CLASSINFOnormalsizeunitybaselineskip=\dimen146
\IEEEnormaljot=\dimen147
LaTeX Font Info:    Font shape `OT1/ptm/bx/n' in size <5> not available
(Font)              Font shape `OT1/ptm/b/n' tried instead on input line 1090.
LaTeX Font Info:    Font shape `OT1/ptm/bx/it' in size <5> not available
(Font)              Font shape `OT1/ptm/b/it' tried instead on input line 1090.
LaTeX Font Info:    Font shape `OT1/ptm/bx/n' in size <7> not available
(Font)              Font shape `OT1/ptm/b/n' tried instead on input line 1090.
LaTeX Font Info:    Font shape `OT1/ptm/bx/it' in size <7> not available
(Font)              Font shape `OT1/ptm/b/it' tried instead on input line 1090.
LaTeX Font Info:    Font shape `OT1/ptm/bx/n' in size <8> not available
(Font)              Font shape `OT1/ptm/b/n' tried instead on input line 1090.
LaTeX Font Info:    Font shape `OT1/ptm/bx/it' in size <8> not available
(Font)              Font shape `OT1/ptm/b/it' tried instead on input line 1090.
LaTeX Font Info:    Font shape `OT1/ptm/bx/n' in size <9> not available
(Font)              Font shape `OT1/ptm/b/n' tried instead on input line 1090.
LaTeX Font Info:    Font shape `OT1/ptm/bx/it' in size <9> not available
(Font)              Font shape `OT1/ptm/b/it' tried instead on input line 1090.
LaTeX Font Info:    Font shape `OT1/ptm/bx/n' in size <10> not available
(Font)              Font shape `OT1/ptm/b/n' tried instead on input line 1090.
LaTeX Font Info:    Font shape `OT1/ptm/bx/it' in size <10> not available
(Font)              Font shape `OT1/ptm/b/it' tried instead on input line 1090.
LaTeX Font Info:    Font shape `OT1/ptm/bx/n' in size <11> not available
(Font)              Font shape `OT1/ptm/b/n' tried instead on input line 1090.
LaTeX Font Info:    Font shape `OT1/ptm/bx/it' in size <11> not available
(Font)              Font shape `OT1/ptm/b/it' tried instead on input line 1090.
LaTeX Font Info:    Font shape `OT1/ptm/bx/n' in size <12> not available
(Font)              Font shape `OT1/ptm/b/n' tried instead on input line 1090.
LaTeX Font Info:    Font shape `OT1/ptm/bx/it' in size <12> not available
(Font)              Font shape `OT1/ptm/b/it' tried instead on input line 1090.
LaTeX Font Info:    Font shape `OT1/ptm/bx/n' in size <17> not available
(Font)              Font shape `OT1/ptm/b/n' tried instead on input line 1090.
LaTeX Font Info:    Font shape `OT1/ptm/bx/it' in size <17> not available
(Font)              Font shape `OT1/ptm/b/it' tried instead on input line 1090.
LaTeX Font Info:    Font shape `OT1/ptm/bx/n' in size <20> not available
(Font)              Font shape `OT1/ptm/b/n' tried instead on input line 1090.
LaTeX Font Info:    Font shape `OT1/ptm/bx/it' in size <20> not available
(Font)              Font shape `OT1/ptm/b/it' tried instead on input line 1090.
LaTeX Font Info:    Font shape `OT1/ptm/bx/n' in size <24> not available
(Font)              Font shape `OT1/ptm/b/n' tried instead on input line 1090.
LaTeX Font Info:    Font shape `OT1/ptm/bx/it' in size <24> not available
(Font)              Font shape `OT1/ptm/b/it' tried instead on input line 1090.
\IEEEquantizedlength=\dimen148
\IEEEquantizedlengthdiff=\dimen149
\IEEEquantizedtextheightdiff=\dimen150
\IEEEilabelindentA=\dimen151
\IEEEilabelindentB=\dimen152
\IEEEilabelindent=\dimen153
\IEEEelabelindent=\dimen154
\IEEEdlabelindent=\dimen155
\IEEElabelindent=\dimen156
\IEEEiednormlabelsep=\dimen157
\IEEEiedmathlabelsep=\dimen158
\IEEEiedtopsep=\skip49
\c@section=\count197
\c@subsection=\count198
\c@subsubsection=\count199
\c@paragraph=\count266
\c@IEEEsubequation=\count267
\abovecaptionskip=\skip50
\belowcaptionskip=\skip51
\c@figure=\count268
\c@table=\count269
\@IEEEeqnnumcols=\count270
\@IEEEeqncolcnt=\count271
\@IEEEsubeqnnumrollback=\count272
\@IEEEquantizeheightA=\dimen159
\@IEEEquantizeheightB=\dimen160
\@IEEEquantizeheightC=\dimen161
\@IEEEquantizeprevdepth=\dimen162
\@IEEEquantizemultiple=\count273
\@IEEEquantizeboxA=\box52
\@IEEEtmpitemindent=\dimen163
\IEEEPARstartletwidth=\dimen164
\c@IEEEbiography=\count274
\@IEEEtranrubishbin=\box53
) (C:\Program Files\MiKTeX\tex/generic/iftex\ifpdf.sty
Package: ifpdf 2019/10/25 v3.4 ifpdf legacy package. Use iftex instead.
 (C:\Program Files\MiKTeX\tex/generic/iftex\iftex.sty
Package: iftex 2022/02/03 v1.0f TeX engine tests
)) (C:\Program Files\MiKTeX\tex/latex/xkeyval\xkeyval.sty
Package: xkeyval 2022/06/16 v2.9 package option processing (HA)
 (C:\Program Files\MiKTeX\tex/generic/xkeyval\xkeyval.tex (C:\Program Files\MiKTeX\tex/generic/xkeyval\xkvutils.tex
\XKV@toks=\toks18
\XKV@tempa@toks=\toks19
 (C:\Program Files\MiKTeX\tex/generic/xkeyval\keyval.tex))
\XKV@depth=\count275
File: xkeyval.tex 2014/12/03 v2.7a key=value parser (HA)
)){C:/Users/miynzi/AppData/Local/MiKTeX/fonts/map/pdftex/pdftex.map}

pdfTeX warning: pdflatex (file t1-times.map): cannot open font map file


pdfTeX warning: pdflatex (file t1-formata.map): cannot open font map file


pdfTeX warning: pdflatex (file t1-giovannistd.map): cannot open font map file
\@draftversionrule=\dimen165
(C:\Program Files\MiKTeX\tex/latex/graphics\color.sty
Package: color 2022/01/06 v1.3d Standard LaTeX Color (DPC)
 (C:\Program Files\MiKTeX\tex/latex/graphics-cfg\color.cfg
File: color.cfg 2016/01/02 v1.6 sample color configuration
)
Package color Info: Driver file: pdftex.def on input line 149.
 (C:\Program Files\MiKTeX\tex/latex/graphics-def\pdftex.def
File: pdftex.def 2024/04/13 v1.2c Graphics/color driver for pdftex
) (C:\Program Files\MiKTeX\tex/latex/graphics\mathcolor.ltx))
Package color Info: Redefining color black on input line 134.
\figbox=\box54
\titlewidth=\skip52
\abstractwidth=\skip53
\c@addrCtr=\count276
\abstractbox=\box55
\indexbox=\box56
\absht=\dimen166
\kwdht=\dimen167
\@tempcntc=\count277
\titlepgskip=\skip54
\maketitlebox=\box57
) (C:\Program Files\MiKTeX\tex/latex/cite\cite.sty
LaTeX Info: Redefining \cite on input line 302.
LaTeX Info: Redefining \nocite on input line 332.
Package: cite 2015/02/27  v 5.5
) (C:\Program Files\MiKTeX\tex/latex/amsmath\amsmath.sty
Package: amsmath 2023/05/13 v2.17o AMS math features
\@mathmargin=\skip55

For additional information on amsmath, use the `?' option.
(C:\Program Files\MiKTeX\tex/latex/amsmath\amstext.sty
Package: amstext 2021/08/26 v2.01 AMS text
 (C:\Program Files\MiKTeX\tex/latex/amsmath\amsgen.sty
File: amsgen.sty 1999/11/30 v2.0 generic functions
\@emptytoks=\toks20
\ex@=\dimen168
)) (C:\Program Files\MiKTeX\tex/latex/amsmath\amsbsy.sty
Package: amsbsy 1999/11/29 v1.2d Bold Symbols
\pmbraise@=\dimen169
) (C:\Program Files\MiKTeX\tex/latex/amsmath\amsopn.sty
Package: amsopn 2022/04/08 v2.04 operator names
)
\inf@bad=\count278
LaTeX Info: Redefining \frac on input line 234.
\uproot@=\count279
\leftroot@=\count280
LaTeX Info: Redefining \overline on input line 399.
LaTeX Info: Redefining \colon on input line 410.
\classnum@=\count281
\DOTSCASE@=\count282
LaTeX Info: Redefining \ldots on input line 496.
LaTeX Info: Redefining \dots on input line 499.
LaTeX Info: Redefining \cdots on input line 620.
\Mathstrutbox@=\box58
\strutbox@=\box59
LaTeX Info: Redefining \big on input line 722.
LaTeX Info: Redefining \Big on input line 723.
LaTeX Info: Redefining \bigg on input line 724.
LaTeX Info: Redefining \Bigg on input line 725.
\big@size=\dimen170
LaTeX Font Info:    Redeclaring font encoding OML on input line 743.
LaTeX Font Info:    Redeclaring font encoding OMS on input line 744.
\macc@depth=\count283
LaTeX Info: Redefining \bmod on input line 905.
LaTeX Info: Redefining \pmod on input line 910.
LaTeX Info: Redefining \smash on input line 940.
LaTeX Info: Redefining \relbar on input line 970.
LaTeX Info: Redefining \Relbar on input line 971.
\c@MaxMatrixCols=\count284
\dotsspace@=\muskip17
\c@parentequation=\count285
\dspbrk@lvl=\count286
\tag@help=\toks21
\row@=\count287
\column@=\count288
\maxfields@=\count289
\andhelp@=\toks22
\eqnshift@=\dimen171
\alignsep@=\dimen172
\tagshift@=\dimen173
\tagwidth@=\dimen174
\totwidth@=\dimen175
\lineht@=\dimen176
\@envbody=\toks23
\multlinegap=\skip56
\multlinetaggap=\skip57
\mathdisplay@stack=\toks24
LaTeX Info: Redefining \[ on input line 2953.
LaTeX Info: Redefining \] on input line 2954.
) (C:\Program Files\MiKTeX\tex/latex/amsfonts\amssymb.sty
Package: amssymb 2013/01/14 v3.01 AMS font symbols
 (C:\Program Files\MiKTeX\tex/latex/amsfonts\amsfonts.sty
Package: amsfonts 2013/01/14 v3.01 Basic AMSFonts support
\symAMSa=\mathgroup4
\symAMSb=\mathgroup5
LaTeX Font Info:    Redeclaring math symbol \hbar on input line 98.
LaTeX Font Info:    Overwriting math alphabet `\mathfrak' in version `bold'
(Font)                  U/euf/m/n --> U/euf/b/n on input line 106.
)) (C:\Program Files\MiKTeX\tex/latex/algorithms\algorithmic.sty
Package: algorithmic 2009/08/24 v0.1 Document Style `algorithmic'
 (C:\Program Files\MiKTeX\tex/latex/base\ifthen.sty
Package: ifthen 2024/03/16 v1.1e Standard LaTeX ifthen package (DPC)
)
\c@ALC@unique=\count290
\c@ALC@line=\count291
\c@ALC@rem=\count292
\c@ALC@depth=\count293
\ALC@tlm=\skip58
\algorithmicindent=\skip59
) (C:\Program Files\MiKTeX\tex/latex/graphics\graphicx.sty
Package: graphicx 2021/09/16 v1.2d Enhanced LaTeX Graphics (DPC,SPQR)
 (C:\Program Files\MiKTeX\tex/latex/graphics\graphics.sty
Package: graphics 2022/03/10 v1.4e Standard LaTeX Graphics (DPC,SPQR)
 (C:\Program Files\MiKTeX\tex/latex/graphics\trig.sty
Package: trig 2021/08/11 v1.11 sin cos tan (DPC)
) (C:\Program Files\MiKTeX\tex/latex/graphics-cfg\graphics.cfg
File: graphics.cfg 2016/06/04 v1.11 sample graphics configuration
)
Package graphics Info: Driver file: pdftex.def on input line 107.
)
\Gin@req@height=\dimen177
\Gin@req@width=\dimen178
) (C:\Program Files\MiKTeX\tex/latex/base\textcomp.sty
Package: textcomp 2024/04/24 v2.1b Standard LaTeX package
) (C:\Program Files\MiKTeX\tex/latex/tools\array.sty
Package: array 2023/10/16 v2.5g Tabular extension package (FMi)
\col@sep=\dimen179
\ar@mcellbox=\box60
\extrarowheight=\dimen180
\NC@list=\toks25
\extratabsurround=\skip60
\backup@length=\skip61
\ar@cellbox=\box61
) (C:\Program Files\MiKTeX\tex/latex/xcolor\xcolor.sty
Package: xcolor 2023/11/15 v3.01 LaTeX color extensions (UK)
 (C:\Program Files\MiKTeX\tex/latex/graphics-cfg\color.cfg
File: color.cfg 2016/01/02 v1.6 sample color configuration
)
Package xcolor Info: Driver file: pdftex.def on input line 274.
LaTeX Info: Redefining \color on input line 758.
 (C:\Program Files\MiKTeX\tex/latex/graphics\mathcolor.ltx)
Package xcolor Info: Model `cmy' substituted by `cmy0' on input line 1350.
Package xcolor Info: Model `hsb' substituted by `rgb' on input line 1354.
Package xcolor Info: Model `RGB' extended on input line 1366.
Package xcolor Info: Model `HTML' substituted by `rgb' on input line 1368.
Package xcolor Info: Model `Hsb' substituted by `hsb' on input line 1369.
Package xcolor Info: Model `tHsb' substituted by `hsb' on input line 1370.
Package xcolor Info: Model `HSB' substituted by `hsb' on input line 1371.
Package xcolor Info: Model `Gray' substituted by `gray' on input line 1372.
Package xcolor Info: Model `wave' substituted by `hsb' on input line 1373.
) (C:\Program Files\MiKTeX\tex/latex/colortbl\colortbl.sty
Package: colortbl 2024/05/26 v1.0h Color table columns (DPC)
\everycr=\toks26
\minrowclearance=\skip62
\rownum=\count294
) (C:\Program Files\MiKTeX\tex/latex/multirow\multirow.sty
Package: multirow 2021/03/15 v2.8 Span multiple rows of a table
\multirow@colwidth=\skip63
\multirow@cntb=\count295
\multirow@dima=\skip64
\bigstrutjot=\dimen181
) (C:\Program Files\MiKTeX\tex/latex/tools\multicol.sty
Package: multicol 2023/03/30 v1.9f multicolumn formatting (FMi)
\c@tracingmulticols=\count296
\mult@box=\box62
\multicol@leftmargin=\dimen182
\c@unbalance=\count297
\c@collectmore=\count298
\doublecol@number=\count299
\multicoltolerance=\count300
\multicolpretolerance=\count301
\full@width=\dimen183
\page@free=\dimen184
\premulticols=\dimen185
\postmulticols=\dimen186
\multicolsep=\skip65
\multicolbaselineskip=\skip66
\partial@page=\box63
\last@line=\box64
\mc@boxedresult=\box65
\maxbalancingoverflow=\dimen187
\mult@rightbox=\box66
\mult@grightbox=\box67
\mult@firstbox=\box68
\mult@gfirstbox=\box69
\@tempa=\box70
\@tempa=\box71
\@tempa=\box72
\@tempa=\box73
\@tempa=\box74
\@tempa=\box75
\@tempa=\box76
\@tempa=\box77
\@tempa=\box78
\@tempa=\box79
\@tempa=\box80
\@tempa=\box81
\@tempa=\box82
\@tempa=\box83
\@tempa=\box84
\@tempa=\box85
\@tempa=\box86
\@tempa=\box87
\@tempa=\box88
\@tempa=\box89
\@tempa=\box90
\@tempa=\box91
\@tempa=\box92
\@tempa=\box93
\@tempa=\box94
\@tempa=\box95
\@tempa=\box96
\@tempa=\box97
\@tempa=\box98
\@tempa=\box99
\@tempa=\box100
\@tempa=\box101
\@tempa=\box102
\@tempa=\box103
\@tempa=\box104
\@tempa=\box105
\c@minrows=\count302
\c@columnbadness=\count303
\c@finalcolumnbadness=\count304
\last@try=\dimen188
\multicolovershoot=\dimen189
\multicolundershoot=\dimen190
\mult@nat@firstbox=\box106
\colbreak@box=\box107
\mc@col@check@num=\count305
) (C:\Program Files\MiKTeX\tex/latex/float\float.sty
Package: float 2001/11/08 v1.3d Float enhancements (AL)
\c@float@type=\count306
\float@exts=\toks27
\float@box=\box108
\@float@everytoks=\toks28
\@floatcapt=\box109
) (C:\Program Files\MiKTeX\tex/latex/l3backend\l3backend-pdftex.def
File: l3backend-pdftex.def 2024-05-08 L3 backend support: PDF output (pdfTeX)
\l__color_backend_stack_int=\count307
\l__pdf_internal_box=\box110
) (Report.aux

LaTeX Warning: Label `fig:1' multiply defined.


LaTeX Warning: Label `fig:2' multiply defined.


LaTeX Warning: Label `fig:1' multiply defined.


LaTeX Warning: Label `fig:2' multiply defined.


LaTeX Warning: Label `fig8' multiply defined.


LaTeX Warning: Label `fig8' multiply defined.


LaTeX Warning: Label `fig8' multiply defined.


LaTeX Warning: Label `fig8' multiply defined.


LaTeX Warning: Label `fig8' multiply defined.


LaTeX Warning: Label `fig8' multiply defined.


LaTeX Warning: Label `fig8' multiply defined.


LaTeX Warning: Label `fig8' multiply defined.


LaTeX Warning: Label `fig8' multiply defined.


LaTeX Warning: Label `fig8' multiply defined.


LaTeX Warning: Label `fig8' multiply defined.


LaTeX Warning: Label `fig8' multiply defined.


LaTeX Warning: Label `fig8' multiply defined.


LaTeX Warning: Label `fig8' multiply defined.


LaTeX Warning: Label `fig8' multiply defined.


LaTeX Warning: Label `fig8' multiply defined.


LaTeX Warning: Label `fig8' multiply defined.


LaTeX Warning: Label `fig8' multiply defined.


LaTeX Warning: Label `fig8' multiply defined.


LaTeX Warning: Label `fig8' multiply defined.


LaTeX Warning: Label `fig8' multiply defined.


LaTeX Warning: Label `fig8' multiply defined.


LaTeX Warning: Label `fig8' multiply defined.


LaTeX Warning: Label `fig8' multiply defined.


LaTeX Warning: Label `fig8' multiply defined.


LaTeX Warning: Label `fig8' multiply defined.

)
\openout1 = `Report.aux'.

LaTeX Font Info:    Checking defaults for OML/cmm/m/it on input line 16.
LaTeX Font Info:    ... okay on input line 16.
LaTeX Font Info:    Checking defaults for OMS/cmsy/m/n on input line 16.
LaTeX Font Info:    ... okay on input line 16.
LaTeX Font Info:    Checking defaults for OT1/cmr/m/n on input line 16.
LaTeX Font Info:    ... okay on input line 16.
LaTeX Font Info:    Checking defaults for T1/cmr/m/n on input line 16.
LaTeX Font Info:    ... okay on input line 16.
LaTeX Font Info:    Checking defaults for TS1/cmr/m/n on input line 16.
LaTeX Font Info:    ... okay on input line 16.
LaTeX Font Info:    Checking defaults for OMX/cmex/m/n on input line 16.
LaTeX Font Info:    ... okay on input line 16.
LaTeX Font Info:    Checking defaults for U/cmr/m/n on input line 16.
LaTeX Font Info:    ... okay on input line 16.

-- Lines per column: 56 (exact).
LaTeX Font Info:    Trying to load font information for T1+ptm on input line 16.
(C:\Program Files\MiKTeX\tex/latex/psnfss\t1ptm.fd
File: t1ptm.fd 2001/06/04 font definitions for T1/ptm.
)

LaTeX Font Warning: Font shape `T1/ptm/n/n' undefined
(Font)              using `T1/ptm/m/n' instead on input line 16.

(C:\Program Files\MiKTeX\tex/context/base/mkii\supp-pdf.mkii
[Loading MPS to PDF converter (version 2006.09.02).]
\scratchcounter=\count308
\scratchdimen=\dimen191
\scratchbox=\box111
\nofMPsegments=\count309
\nofMParguments=\count310
\everyMPshowfont=\toks29
\MPscratchCnt=\count311
\MPscratchDim=\dimen192
\MPnumerator=\count312
\makeMPintoPDFobject=\count313
\everyMPtoPDFconversion=\toks30
) (C:\Program Files\MiKTeX\tex/latex/epstopdf-pkg\epstopdf-base.sty
Package: epstopdf-base 2020-01-24 v2.11 Base part for package epstopdf
Package epstopdf-base Info: Redefining graphics rule for `.eps' on input line 485.
 (C:\Program Files\MiKTeX\tex/latex/00miktex\epstopdf-sys.cfg
File: epstopdf-sys.cfg 2021/03/18 v2.0 Configuration of epstopdf for MiKTeX
))

Package xcolor Warning: Incompatible color definition on input line 30.

LaTeX Font Info:    Trying to load font information for T1+phv on input line 30.
(C:\Program Files\MiKTeX\tex/latex/psnfss\t1phv.fd
File: t1phv.fd 2020/03/25 scalable font definitions for T1/phv.
)

LaTeX Font Warning: Font shape `T1/phv/n/n' undefined
(Font)              using `T1/phv/m/n' instead on input line 30.


Package xcolor Warning: Incompatible color definition on input line 38.


Package xcolor Warning: Incompatible color definition on input line 44.

LaTeX Font Info:    Calculating math sizes for size <9.9> on input line 44.
LaTeX Font Info:    Trying to load font information for U+msa on input line 44.
(C:\Program Files\MiKTeX\tex/latex/amsfonts\umsa.fd
File: umsa.fd 2013/01/14 v3.01 AMS symbols A
)
LaTeX Font Info:    Trying to load font information for U+msb on input line 44.
 (C:\Program Files\MiKTeX\tex/latex/amsfonts\umsb.fd
File: umsb.fd 2013/01/14 v3.01 AMS symbols B
)
LaTeX Font Info:    Calculating math sizes for size <6.6> on input line 44.


Package xcolor Warning: Incompatible color definition on input line 46.


Underfull \hbox (badness 2735) in paragraph at lines 48--49
\T1/ptm/n/n/10 The Covid-19 pan-demic has severely dis-rupted global
 []


Underfull \hbox (badness 1448) in paragraph at lines 50--51
[]\T1/ptm/n/n/10 Traditional fore-cast-ing mod-els may not fully cap-ture
 []




Package xcolor Warning: Incompatible color definition on input line 56.



<bibliography/Logo_HTTT.png, id=1, 469.755pt x 469.755pt>
File: bibliography/Logo_HTTT.png Graphic file (type png)
<use bibliography/Logo_HTTT.png>
Package pdftex.def Info: bibliography/Logo_HTTT.png  used on input line 61.
(pdftex.def)             Requested size: 46.92004pt x 46.91374pt.

Overfull \hbox (1.90002pt too wide) has occurred while \output is active
[] 
 []


Overfull \hbox (505.12177pt too wide) has occurred while \output is active
[]
 []


Overfull \hbox (505.12177pt too wide) has occurred while \output is active
[]
 []


Overfull \hbox (505.12177pt too wide) has occurred while \output is active
[]
 []


Underfull \hbox (badness 10000) has occurred while \output is active
[]
 []

[1{C:/Program Files/MiKTeX/fonts/enc/dvips/base/8r.enc}


 <./bibliography/Logo_HTTT.png>]
Underfull \hbox (badness 10000) in paragraph at lines 72--74

 []


Package xcolor Warning: Incompatible color definition on input line 74.


Package xcolor Warning: Incompatible color definition on input line 75.




Package xcolor Warning: Incompatible color definition on input line 83.


Underfull \hbox (badness 3148) in paragraph at lines 99--100
[]|\T1/ptm/m/n/8 Percentage change in the stock
 []


Package xcolor Warning: Incompatible color definition on input line 106.


Package xcolor Warning: Incompatible color definition on input line 109.

<bibliography/Figure/DHTboxplot.png, id=13, 510.40688pt x 407.27156pt>
File: bibliography/Figure/DHTboxplot.png Graphic file (type png)
<use bibliography/Figure/DHTboxplot.png>
Package pdftex.def Info: bibliography/Figure/DHTboxplot.png  used on input line 128.
(pdftex.def)             Requested size: 116.17584pt x 92.70102pt.

Package xcolor Warning: Incompatible color definition on input line 129.


Package xcolor Warning: Incompatible color definition on input line 129.

<bibliography/Figure/DHThist.png, id=14, 547.2947pt x 408.02437pt>
File: bibliography/Figure/DHThist.png Graphic file (type png)
<use bibliography/Figure/DHThist.png>
Package pdftex.def Info: bibliography/Figure/DHThist.png  used on input line 135.
(pdftex.def)             Requested size: 116.17584pt x 86.60909pt.

Package xcolor Warning: Incompatible color definition on input line 136.


Package xcolor Warning: Incompatible color definition on input line 136.

<bibliography/Figure/DP3boxplot.png, id=15, 520.94624pt x 411.78844pt>
File: bibliography/Figure/DP3boxplot.png Graphic file (type png)
<use bibliography/Figure/DP3boxplot.png>
Package pdftex.def Info: bibliography/Figure/DP3boxplot.png  used on input line 145.
(pdftex.def)             Requested size: 116.17584pt x 91.83156pt.

Package xcolor Warning: Incompatible color definition on input line 146.


Package xcolor Warning: Incompatible color definition on input line 146.

<bibliography/Figure/DP3hist.png, id=16, 546.54187pt x 410.2828pt>
File: bibliography/Figure/DP3hist.png Graphic file (type png)
<use bibliography/Figure/DP3hist.png>
Package pdftex.def Info: bibliography/Figure/DP3hist.png  used on input line 152.
(pdftex.def)             Requested size: 116.17584pt x 87.20741pt.

Package xcolor Warning: Incompatible color definition on input line 153.


Package xcolor Warning: Incompatible color definition on input line 153.

<bibliography/Figure/AMVboxplot.png, id=17, 512.66531pt x 408.77719pt>
File: bibliography/Figure/AMVboxplot.png Graphic file (type png)
<use bibliography/Figure/AMVboxplot.png>
Package pdftex.def Info: bibliography/Figure/AMVboxplot.png  used on input line 162.
(pdftex.def)             Requested size: 116.17584pt x 92.63206pt.

Package xcolor Warning: Incompatible color definition on input line 163.


Package xcolor Warning: Incompatible color definition on input line 163.

<bibliography/Figure/AMVhist.png, id=18, 546.54187pt x 405.76593pt>
File: bibliography/Figure/AMVhist.png Graphic file (type png)
<use bibliography/Figure/AMVhist.png>
Package pdftex.def Info: bibliography/Figure/AMVhist.png  used on input line 169.
(pdftex.def)             Requested size: 116.17584pt x 86.24733pt.

Package xcolor Warning: Incompatible color definition on input line 170.


Package xcolor Warning: Incompatible color definition on input line 170.



File: bibliography/Logo_HTTT.png Graphic file (type png)
<use bibliography/Logo_HTTT.png>
Package pdftex.def Info: bibliography/Logo_HTTT.png  used on input line 174.
(pdftex.def)             Requested size: 24.11993pt x 24.11989pt.

Overfull \hbox (505.12177pt too wide) has occurred while \output is active
[]
 []


Overfull \hbox (505.12177pt too wide) has occurred while \output is active
[]
 []


Underfull \hbox (badness 10000) has occurred while \output is active
[]
 []

[2 <./bibliography/Figure/DHTboxplot.png> <./bibliography/Figure/DHThist.png> <./bibliography/Figure/DP3boxplot.png> <./bibliography/Figure/DP3hist.png>]

Package xcolor Warning: Incompatible color definition on input line 174.


Package xcolor Warning: Incompatible color definition on input line 175.

LaTeX Font Info:    Trying to load font information for TS1+ptm on input line 180.
(C:\Program Files\MiKTeX\tex/latex/psnfss\ts1ptm.fd
File: ts1ptm.fd 2001/06/04 font definitions for TS1/ptm.
)

LaTeX Font Warning: Font shape `TS1/ptm/n/n' undefined
(Font)              using `TS1/ptm/m/n' instead
(Font)              for symbol `textbullet' on input line 180.

<bibliography/Figure/LN_model.png, id=28, 542.025pt x 404.712pt>
File: bibliography/Figure/LN_model.png Graphic file (type png)
<use bibliography/Figure/LN_model.png>
Package pdftex.def Info: bibliography/Figure/LN_model.png  used on input line 190.
(pdftex.def)             Requested size: 194.13957pt x 144.95515pt.

Package xcolor Warning: Incompatible color definition on input line 191.


Package xcolor Warning: Incompatible color definition on input line 191.


Package xcolor Warning: Incompatible color definition on input line 196.




Package xcolor Warning: Incompatible color definition on input line 224.



File: bibliography/Logo_HTTT.png Graphic file (type png)
<use bibliography/Logo_HTTT.png>
Package pdftex.def Info: bibliography/Logo_HTTT.png  used on input line 257.
(pdftex.def)             Requested size: 24.11993pt x 24.11989pt.

Overfull \hbox (505.12177pt too wide) has occurred while \output is active
[]
 []


Overfull \hbox (505.12177pt too wide) has occurred while \output is active
[]
 []


Underfull \hbox (badness 10000) has occurred while \output is active
[]
 []

[3 <./bibliography/Figure/AMVboxplot.png> <./bibliography/Figure/AMVhist.png> <./bibliography/Figure/LN_model.png>]

Package xcolor Warning: Incompatible color definition on input line 275.



<bibliography/Figure/LSTM_model.png, id=43, 650.43pt x 425.59pt>
File: bibliography/Figure/LSTM_model.png Graphic file (type png)
<use bibliography/Figure/LSTM_model.png>
Package pdftex.def Info: bibliography/Figure/LSTM_model.png  used on input line 337.
(pdftex.def)             Requested size: 194.13957pt x 127.02858pt.

Package xcolor Warning: Incompatible color definition on input line 338.


Package xcolor Warning: Incompatible color definition on input line 338.


Package xcolor Warning: Incompatible color definition on input line 343.



File: bibliography/Logo_HTTT.png Graphic file (type png)
<use bibliography/Logo_HTTT.png>
Package pdftex.def Info: bibliography/Logo_HTTT.png  used on input line 365.
(pdftex.def)             Requested size: 24.11993pt x 24.11989pt.

Overfull \hbox (505.12177pt too wide) has occurred while \output is active
[]
 []


Overfull \hbox (505.12177pt too wide) has occurred while \output is active
[]
 []


Underfull \hbox (badness 10000) has occurred while \output is active
[]
 []

[4 <./bibliography/Figure/LSTM_model.png>]
LaTeX Font Info:    Trying to load font information for T1+pcr on input line 368.
 (C:\Program Files\MiKTeX\tex/latex/psnfss\t1pcr.fd
File: t1pcr.fd 2001/06/04 font definitions for T1/pcr.
)
Overfull \hbox (17.18312pt too wide) detected at line 385
\OML/cmm/m/it/10 f\OT1/cmr/m/n/10 (\OML/cmm/m/it/10 t\OT1/cmr/m/n/10 ) = \OML/cmm/m/it/10 [] []\OT1/cmr/m/n/10 (\OML/cmm/m/it/10 !t\OT1/cmr/m/n/10 ) + \OML/cmm/m/it/10 ^^L[] []\OT1/cmr/m/n/10 (\OML/cmm/m/it/10 !t\OT1/cmr/m/n/10 ) + \OML/cmm/m/it/10 [] []\OT1/cmr/m/n/10 (2\OML/cmm/m/it/10 !t\OT1/cmr/m/n/10 ) + \OML/cmm/m/it/10 ^^L[] []\OT1/cmr/m/n/10 (2\OML/cmm/m/it/10 !t\OT1/cmr/m/n/10 ) + \OML/cmm/m/it/10 :::\OT1/cmr/m/n/10 +
 []


Overfull \hbox (126.5728pt too wide) in paragraph at lines 406--407
[]\T1/ptm/n/n/10 The es-ti-ma-tion of the co-ef-fi-cients $\OML/cmm/m/it/10 ^^L[]; ^^L[]; ^^L[]; :::; ^^L[]; []; ^^L[]; []; ^^L[]; :::; []; ^^L[]; ^^M[]; ^^M[]; ^^M[]; :::$
 []




Package xcolor Warning: Incompatible color definition on input line 410.


Package xcolor Warning: Incompatible color definition on input line 439.



File: bibliography/Logo_HTTT.png Graphic file (type png)
<use bibliography/Logo_HTTT.png>
Package pdftex.def Info: bibliography/Logo_HTTT.png  used on input line 441.
(pdftex.def)             Requested size: 24.11993pt x 24.11989pt.

Overfull \hbox (505.12177pt too wide) has occurred while \output is active
[]
 []


Overfull \hbox (505.12177pt too wide) has occurred while \output is active
[]
 []


Underfull \hbox (badness 10000) has occurred while \output is active
[]
 []

[5]
Overfull \hbox (17.87004pt too wide) detected at line 444
\OML/cmm/m/it/10 Y \OT1/cmr/m/n/10 = [](\OML/cmm/m/it/10 X\OT1/cmr/m/n/10 ) \OMS/cmsy/m/n/10 ^^@ [] ^^B [][]\OT1/cmr/m/n/10 (\OML/cmm/m/it/10 X\OT1/cmr/m/n/10 ) \OMS/cmsy/m/n/10 ^^@ [] ^^B [][]\OT1/cmr/m/n/10 (\OML/cmm/m/it/10 X\OT1/cmr/m/n/10 ) \OMS/cmsy/m/n/10 ^^@ [] ^^B [][]\OT1/cmr/m/n/10 (\OML/cmm/m/it/10 X\OT1/cmr/m/n/10 )
 []

<bibliography/Figure/LightGBM_model.png, id=55, 652.23676pt x 251.7405pt>
File: bibliography/Figure/LightGBM_model.png Graphic file (type png)
<use bibliography/Figure/LightGBM_model.png>
Package pdftex.def Info: bibliography/Figure/LightGBM_model.png  used on input line 461.
(pdftex.def)             Requested size: 194.13957pt x 74.92732pt.

Package xcolor Warning: Incompatible color definition on input line 462.


Package xcolor Warning: Incompatible color definition on input line 462.


Package xcolor Warning: Incompatible color definition on input line 467.




Package xcolor Warning: Incompatible color definition on input line 502.


Package xcolor Warning: Incompatible color definition on input line 503.


Underfull \hbox (badness 10000) in paragraph at lines 504--505

 []


Underfull \hbox (badness 10000) in paragraph at lines 505--507

 []


Underfull \hbox (badness 10000) in paragraph at lines 507--509

 []


Package xcolor Warning: Incompatible color definition on input line 514.


Package xcolor Warning: Incompatible color definition on input line 540.



File: bibliography/Logo_HTTT.png Graphic file (type png)
<use bibliography/Logo_HTTT.png>
Package pdftex.def Info: bibliography/Logo_HTTT.png  used on input line 543.
(pdftex.def)             Requested size: 24.11993pt x 24.11989pt.

Overfull \hbox (505.12177pt too wide) has occurred while \output is active
[]
 []


Overfull \hbox (505.12177pt too wide) has occurred while \output is active
[]
 []


Underfull \hbox (badness 10000) has occurred while \output is active
[]
 []

[6 <./bibliography/Figure/LightGBM_model.png>]
<bibliography/Figure/LN_AMV(7_3).png, id=60, 422.0568pt x 298.4751pt>
File: bibliography/Figure/LN_AMV(7_3).png Graphic file (type png)
<use bibliography/Figure/LN_AMV(7_3).png>
Package pdftex.def Info: bibliography/Figure/LN_AMV(7_3).png  used on input line 548.
(pdftex.def)             Requested size: 194.13957pt x 137.29565pt.


Package xcolor Warning: Incompatible color definition on input line 549.


Package xcolor Warning: Incompatible color definition on input line 549.

<bibliography/Figure/RNN_82_AMV.png, id=61, 867.24pt x 578.16pt>
File: bibliography/Figure/RNN_82_AMV.png Graphic file (type png)
<use bibliography/Figure/RNN_82_AMV.png>
Package pdftex.def Info: bibliography/Figure/RNN_82_AMV.png  used on input line 558.
(pdftex.def)             Requested size: 194.13957pt x 129.41873pt.

Package xcolor Warning: Incompatible color definition on input line 559.


Package xcolor Warning: Incompatible color definition on input line 559.

<bibliography/Figure/AMV_ARIMA.png, id=62, 739.3221pt x 395.3169pt>
File: bibliography/Figure/AMV_ARIMA.png Graphic file (type png)
<use bibliography/Figure/AMV_ARIMA.png>
Package pdftex.def Info: bibliography/Figure/AMV_ARIMA.png  used on input line 569.
(pdftex.def)             Requested size: 194.13957pt x 103.8054pt.

Package xcolor Warning: Incompatible color definition on input line 570.


Package xcolor Warning: Incompatible color definition on input line 570.


Underfull \vbox (badness 1997) has occurred while \output is active []



<bibliography/Figure/FFT_91_AMV.png, id=63, 867.24pt x 578.16pt>
File: bibliography/Figure/FFT_91_AMV.png Graphic file (type png)
<use bibliography/Figure/FFT_91_AMV.png>
Package pdftex.def Info: bibliography/Figure/FFT_91_AMV.png  used on input line 579.
(pdftex.def)             Requested size: 194.13957pt x 129.41873pt.

Package xcolor Warning: Incompatible color definition on input line 580.


Package xcolor Warning: Incompatible color definition on input line 580.

<bibliography/Figure/AMV_LN_CF&DP.png, id=64, 739.3221pt x 395.3169pt>
File: bibliography/Figure/AMV_LN_CF&DP.png Graphic file (type png)
<use bibliography/Figure/AMV_LN_CF&DP.png>
Package pdftex.def Info: bibliography/Figure/AMV_LN_CF&DP.png  used on input line 589.
(pdftex.def)             Requested size: 194.13957pt x 103.8054pt.

Package xcolor Warning: Incompatible color definition on input line 590.


Package xcolor Warning: Incompatible color definition on input line 590.

<bibliography/Figure/LSTM_AMV(8_2).png, id=65, 422.0568pt x 298.4751pt>
File: bibliography/Figure/LSTM_AMV(8_2).png Graphic file (type png)
<use bibliography/Figure/LSTM_AMV(8_2).png>
Package pdftex.def Info: bibliography/Figure/LSTM_AMV(8_2).png  used on input line 599.
(pdftex.def)             Requested size: 194.13957pt x 137.29565pt.

Package xcolor Warning: Incompatible color definition on input line 600.


Package xcolor Warning: Incompatible color definition on input line 600.

<bibliography/Figure/LightGBM_AMV(8_2).png, id=66, 422.0568pt x 298.4751pt>
File: bibliography/Figure/LightGBM_AMV(8_2).png Graphic file (type png)
<use bibliography/Figure/LightGBM_AMV(8_2).png>
Package pdftex.def Info: bibliography/Figure/LightGBM_AMV(8_2).png  used on input line 609.
(pdftex.def)             Requested size: 194.13957pt x 137.29565pt.

Package xcolor Warning: Incompatible color definition on input line 610.


Package xcolor Warning: Incompatible color definition on input line 610.


Underfull \vbox (badness 3240) has occurred while \output is active []



File: bibliography/Logo_HTTT.png Graphic file (type png)
<use bibliography/Logo_HTTT.png>
Package pdftex.def Info: bibliography/Logo_HTTT.png  used on input line 614.
(pdftex.def)             Requested size: 24.11993pt x 24.11989pt.

Overfull \hbox (505.12177pt too wide) has occurred while \output is active
[]
 []


Overfull \hbox (505.12177pt too wide) has occurred while \output is active
[]
 []


Underfull \hbox (badness 10000) has occurred while \output is active
[]
 []

[7 <./bibliography/Figure/LN_AMV(7_3).png> <./bibliography/Figure/RNN_82_AMV.png> <./bibliography/Figure/AMV_ARIMA.png> <./bibliography/Figure/FFT_91_AMV.png> <./bibliography/Figure/AMV_LN_CF&DP.png> <./bibliography/Figure/LSTM_AMV(8_2).png>]
<bibliography/Figure/AMV_GRU.png, id=77, 411.2163pt x 314.3745pt>
File: bibliography/Figure/AMV_GRU.png Graphic file (type png)
<use bibliography/Figure/AMV_GRU.png>
Package pdftex.def Info: bibliography/Figure/AMV_GRU.png  used on input line 619.
(pdftex.def)             Requested size: 194.13957pt x 148.4228pt.


Package xcolor Warning: Incompatible color definition on input line 620.


Package xcolor Warning: Incompatible color definition on input line 620.


Package xcolor Warning: Incompatible color definition on input line 625.


Package xcolor Warning: Incompatible color definition on input line 651.

<bibliography/Figure/LN_DP3(8_2).png, id=78, 411.2163pt x 298.4751pt>
File: bibliography/Figure/LN_DP3(8_2).png Graphic file (type png)
<use bibliography/Figure/LN_DP3(8_2).png>
Package pdftex.def Info: bibliography/Figure/LN_DP3(8_2).png  used on input line 659.
(pdftex.def)             Requested size: 194.13957pt x 140.91637pt.

Package xcolor Warning: Incompatible color definition on input line 660.


Package xcolor Warning: Incompatible color definition on input line 660.



<bibliography/Figure/RNN_91_DP3.png, id=79, 867.24pt x 578.16pt>
File: bibliography/Figure/RNN_91_DP3.png Graphic file (type png)
<use bibliography/Figure/RNN_91_DP3.png>
Package pdftex.def Info: bibliography/Figure/RNN_91_DP3.png  used on input line 669.
(pdftex.def)             Requested size: 194.13957pt x 129.41873pt.

Package xcolor Warning: Incompatible color definition on input line 670.


Package xcolor Warning: Incompatible color definition on input line 670.

<bibliography/Figure/DP3_ARIMA.png, id=80, 745.1037pt x 395.3169pt>
File: bibliography/Figure/DP3_ARIMA.png Graphic file (type png)
<use bibliography/Figure/DP3_ARIMA.png>
Package pdftex.def Info: bibliography/Figure/DP3_ARIMA.png  used on input line 679.
(pdftex.def)             Requested size: 194.13957pt x 102.99712pt.

Package xcolor Warning: Incompatible color definition on input line 680.


Package xcolor Warning: Incompatible color definition on input line 680.

<bibliography/Figure/FFT_91_DP3.png, id=81, 867.24pt x 578.16pt>
File: bibliography/Figure/FFT_91_DP3.png Graphic file (type png)
<use bibliography/Figure/FFT_91_DP3.png>
Package pdftex.def Info: bibliography/Figure/FFT_91_DP3.png  used on input line 689.
(pdftex.def)             Requested size: 194.13957pt x 129.41873pt.

Package xcolor Warning: Incompatible color definition on input line 690.


Package xcolor Warning: Incompatible color definition on input line 690.

<bibliography/Figure/DP3_LN_CF&DP.png, id=82, 745.1037pt x 395.3169pt>
File: bibliography/Figure/DP3_LN_CF&DP.png Graphic file (type png)
<use bibliography/Figure/DP3_LN_CF&DP.png>
Package pdftex.def Info: bibliography/Figure/DP3_LN_CF&DP.png  used on input line 699.
(pdftex.def)             Requested size: 194.13957pt x 102.99712pt.

Package xcolor Warning: Incompatible color definition on input line 700.


Package xcolor Warning: Incompatible color definition on input line 700.



File: bibliography/Logo_HTTT.png Graphic file (type png)
<use bibliography/Logo_HTTT.png>
Package pdftex.def Info: bibliography/Logo_HTTT.png  used on input line 704.
(pdftex.def)             Requested size: 24.11993pt x 24.11989pt.

Overfull \hbox (505.12177pt too wide) has occurred while \output is active
[]
 []


Overfull \hbox (505.12177pt too wide) has occurred while \output is active
[]
 []


Underfull \hbox (badness 10000) has occurred while \output is active
[]
 []

[8 <./bibliography/Figure/LightGBM_AMV(8_2).png> <./bibliography/Figure/AMV_GRU.png> <./bibliography/Figure/LN_DP3(8_2).png> <./bibliography/Figure/RNN_91_DP3.png> <./bibliography/Figure/DP3_ARIMA.png> <./bibliography/Figure/FFT_91_DP3.png>]
<bibliography/Figure/LSTM_DP3(9_1).png, id=92, 423.5022pt x 298.4751pt>
File: bibliography/Figure/LSTM_DP3(9_1).png Graphic file (type png)
<use bibliography/Figure/LSTM_DP3(9_1).png>
Package pdftex.def Info: bibliography/Figure/LSTM_DP3(9_1).png  used on input line 709.
(pdftex.def)             Requested size: 194.13957pt x 136.82199pt.


Package xcolor Warning: Incompatible color definition on input line 710.


Package xcolor Warning: Incompatible color definition on input line 710.

<bibliography/Figure/LightGBM_DP3(7_3).png, id=93, 423.5022pt x 298.4751pt>
File: bibliography/Figure/LightGBM_DP3(7_3).png Graphic file (type png)
<use bibliography/Figure/LightGBM_DP3(7_3).png>
Package pdftex.def Info: bibliography/Figure/LightGBM_DP3(7_3).png  used on input line 719.
(pdftex.def)             Requested size: 194.13957pt x 136.82199pt.

Package xcolor Warning: Incompatible color definition on input line 720.


Package xcolor Warning: Incompatible color definition on input line 720.

<bibliography/Figure/DP3_GRU.png, id=94, 417.7206pt x 314.3745pt>
File: bibliography/Figure/DP3_GRU.png Graphic file (type png)
<use bibliography/Figure/DP3_GRU.png>
Package pdftex.def Info: bibliography/Figure/DP3_GRU.png  used on input line 729.
(pdftex.def)             Requested size: 194.13957pt x 146.10587pt.

Package xcolor Warning: Incompatible color definition on input line 730.


Package xcolor Warning: Incompatible color definition on input line 730.


Package xcolor Warning: Incompatible color definition on input line 735.




Package xcolor Warning: Incompatible color definition on input line 761.

<bibliography/Figure/LN_DHT(9_1).png, id=95, 422.0568pt x 298.4751pt>
File: bibliography/Figure/LN_DHT(9_1).png Graphic file (type png)
<use bibliography/Figure/LN_DHT(9_1).png>
Package pdftex.def Info: bibliography/Figure/LN_DHT(9_1).png  used on input line 769.
(pdftex.def)             Requested size: 194.13957pt x 137.29565pt.

Package xcolor Warning: Incompatible color definition on input line 770.


Package xcolor Warning: Incompatible color definition on input line 770.

<bibliography/Figure/RNN_91_DHT.png, id=96, 867.24pt x 578.16pt>
File: bibliography/Figure/RNN_91_DHT.png Graphic file (type png)
<use bibliography/Figure/RNN_91_DHT.png>
Package pdftex.def Info: bibliography/Figure/RNN_91_DHT.png  used on input line 779.
(pdftex.def)             Requested size: 194.13957pt x 129.41873pt.

Package xcolor Warning: Incompatible color definition on input line 780.


Package xcolor Warning: Incompatible color definition on input line 780.

<bibliography/Figure/DHT_ARIMA.png, id=97, 739.3221pt x 395.3169pt>
File: bibliography/Figure/DHT_ARIMA.png Graphic file (type png)
<use bibliography/Figure/DHT_ARIMA.png>
Package pdftex.def Info: bibliography/Figure/DHT_ARIMA.png  used on input line 789.
(pdftex.def)             Requested size: 194.13957pt x 103.8054pt.

Package xcolor Warning: Incompatible color definition on input line 790.


Package xcolor Warning: Incompatible color definition on input line 790.


Underfull \vbox (badness 1997) has occurred while \output is active []



File: bibliography/Logo_HTTT.png Graphic file (type png)
<use bibliography/Logo_HTTT.png>
Package pdftex.def Info: bibliography/Logo_HTTT.png  used on input line 794.
(pdftex.def)             Requested size: 24.11993pt x 24.11989pt.

Overfull \hbox (505.12177pt too wide) has occurred while \output is active
[]
 []


Overfull \hbox (505.12177pt too wide) has occurred while \output is active
[]
 []


Underfull \hbox (badness 10000) has occurred while \output is active
[]
 []

[9 <./bibliography/Figure/DP3_LN_CF&DP.png> <./bibliography/Figure/LSTM_DP3(9_1).png> <./bibliography/Figure/LightGBM_DP3(7_3).png> <./bibliography/Figure/DP3_GRU.png> <./bibliography/Figure/LN_DHT(9_1).png> <./bibliography/Figure/RNN_91_DHT.png>]
<bibliography/Figure/FFT_91_DHT.png, id=107, 867.24pt x 578.16pt>
File: bibliography/Figure/FFT_91_DHT.png Graphic file (type png)
<use bibliography/Figure/FFT_91_DHT.png>
Package pdftex.def Info: bibliography/Figure/FFT_91_DHT.png  used on input line 799.
(pdftex.def)             Requested size: 194.13957pt x 129.41873pt.


Package xcolor Warning: Incompatible color definition on input line 800.


Package xcolor Warning: Incompatible color definition on input line 800.

<bibliography/Figure/DHT_LN_CF&DP.png, id=108, 739.3221pt x 395.3169pt>
File: bibliography/Figure/DHT_LN_CF&DP.png Graphic file (type png)
<use bibliography/Figure/DHT_LN_CF&DP.png>
Package pdftex.def Info: bibliography/Figure/DHT_LN_CF&DP.png  used on input line 809.
(pdftex.def)             Requested size: 194.13957pt x 103.8054pt.

Package xcolor Warning: Incompatible color definition on input line 810.


Package xcolor Warning: Incompatible color definition on input line 810.

<bibliography/Figure/LSTM_DHT(7_3).png, id=109, 422.0568pt x 298.4751pt>
File: bibliography/Figure/LSTM_DHT(7_3).png Graphic file (type png)
<use bibliography/Figure/LSTM_DHT(7_3).png>
Package pdftex.def Info: bibliography/Figure/LSTM_DHT(7_3).png  used on input line 819.
(pdftex.def)             Requested size: 194.13957pt x 137.29565pt.

Package xcolor Warning: Incompatible color definition on input line 820.


Package xcolor Warning: Incompatible color definition on input line 820.

<bibliography/Figure/LightGBM_DHT(8_2).png, id=110, 422.0568pt x 298.4751pt>
File: bibliography/Figure/LightGBM_DHT(8_2).png Graphic file (type png)
<use bibliography/Figure/LightGBM_DHT(8_2).png>
Package pdftex.def Info: bibliography/Figure/LightGBM_DHT(8_2).png  used on input line 829.
(pdftex.def)             Requested size: 194.13957pt x 137.29565pt.

Package xcolor Warning: Incompatible color definition on input line 830.


Package xcolor Warning: Incompatible color definition on input line 830.


Underfull \vbox (badness 3240) has occurred while \output is active []



<bibliography/Figure/DHT_GRU.png, id=111, 411.2163pt x 314.3745pt>
File: bibliography/Figure/DHT_GRU.png Graphic file (type png)
<use bibliography/Figure/DHT_GRU.png>
Package pdftex.def Info: bibliography/Figure/DHT_GRU.png  used on input line 839.
(pdftex.def)             Requested size: 194.13957pt x 148.4228pt.

Package xcolor Warning: Incompatible color definition on input line 840.


Package xcolor Warning: Incompatible color definition on input line 840.


Package xcolor Warning: Incompatible color definition on input line 845.


Package xcolor Warning: Incompatible color definition on input line 850.


Package xcolor Warning: Incompatible color definition on input line 852.



File: bibliography/Logo_HTTT.png Graphic file (type png)
<use bibliography/Logo_HTTT.png>
Package pdftex.def Info: bibliography/Logo_HTTT.png  used on input line 857.
(pdftex.def)             Requested size: 24.11993pt x 24.11989pt.

Overfull \hbox (505.12177pt too wide) has occurred while \output is active
[]
 []


Overfull \hbox (505.12177pt too wide) has occurred while \output is active
[]
 []


Underfull \hbox (badness 10000) has occurred while \output is active
[]
 []

[10 <./bibliography/Figure/DHT_ARIMA.png> <./bibliography/Figure/FFT_91_DHT.png> <./bibliography/Figure/DHT_LN_CF&DP.png> <./bibliography/Figure/LSTM_DHT(7_3).png> <./bibliography/Figure/LightGBM_DHT(8_2).png> <./bibliography/Figure/DHT_GRU.png>]

Package xcolor Warning: Incompatible color definition on input line 860.


Underfull \hbox (badness 5490) in paragraph at lines 868--869
[]\T1/ptm/n/n/10 Applying en-sem-ble learn-ing tech-niques: Ex-plore
 []


Package xcolor Warning: Incompatible color definition on input line 874.


Underfull \hbox (badness 10000) in paragraph at lines 889--890
[]\T1/ptm/n/n/7.61 Fuqua School of Busi-ness. (n.d.). In-tro-duc-tion to ARIMA
 []


Underfull \hbox (badness 10000) in paragraph at lines 889--890
\T1/ptm/n/n/7.61 mod-els. Duke.edu. Re-trieved June 20, 2024, from
 []





File: bibliography/Logo_HTTT.png Graphic file (type png)
<use bibliography/Logo_HTTT.png>
Package pdftex.def Info: bibliography/Logo_HTTT.png  used on input line 901.
(pdftex.def)             Requested size: 24.11993pt x 24.11989pt.

Overfull \hbox (505.12177pt too wide) has occurred while \output is active
[]
 []


Overfull \hbox (505.12177pt too wide) has occurred while \output is active
[]
 []


Underfull \hbox (badness 10000) has occurred while \output is active
[]
 []

[11

] (Report.aux)
 ***********
LaTeX2e <2024-06-01>
L3 programming layer <2024-05-08>
 ***********


LaTeX Font Warning: Some font shapes were not available, defaults substituted.


LaTeX Warning: There were multiply-defined labels.

 ) 
Here is how much of TeX's memory you used:
 5609 strings out of 473937
 92600 string characters out of 5737182
 1956893 words of memory out of 5000000
 28324 multiletter control sequences out of 15000+600000
 648688 words of font info for 163 fonts, out of 8000000 for 9000
 1141 hyphenation exceptions out of 8191
 57i,13n,79p,770b,426s stack positions out of 10000i,1000n,20000p,200000b,200000s
<C:/Program Files/MiKTeX/fonts/type1/public/amsfonts/cm/cmbx10.pfb><C:/Program Files/MiKTeX/fonts/type1/public/amsfonts/cm/cmex10.pfb><C:/Program Files/MiKTeX/fonts/type1/public/amsfonts/cm/cmmi10.pfb><C:/Program Files/MiKTeX/fonts/type1/public/amsfonts/cm/cmmi5.pfb><C:/Program Files/MiKTeX/fonts/type1/public/amsfonts/cm/cmmi7.pfb><C:/Program Files/MiKTeX/fonts/type1/public/amsfonts/cm/cmr10.pfb><C:/Program Files/MiKTeX/fonts/type1/public/amsfonts/cm/cmr5.pfb><C:/Program Files/MiKTeX/fonts/type1/public/amsfonts/cm/cmr7.pfb><C:/Program Files/MiKTeX/fonts/type1/public/amsfonts/cm/cmsy10.pfb><C:/Program Files/MiKTeX/fonts/type1/public/amsfonts/cm/cmsy5.pfb><C:/Program Files/MiKTeX/fonts/type1/public/amsfonts/cm/cmsy7.pfb><C:/Program Files/MiKTeX/fonts/type1/urw/courier/ucrr8a.pfb><C:/Program Files/MiKTeX/fonts/type1/urw/helvetic/uhvb8a.pfb><C:/Program Files/MiKTeX/fonts/type1/urw/helvetic/uhvbo8a.pfb><C:/Program Files/MiKTeX/fonts/type1/urw/helvetic/uhvr8a.pfb><C:/Program Files/MiKTeX/fonts/type1/urw/helvetic/uhvro8a.pfb><C:/Program Files/MiKTeX/fonts/type1/urw/times/utmb8a.pfb><C:/Program Files/MiKTeX/fonts/type1/urw/times/utmr8a.pfb><C:/Program Files/MiKTeX/fonts/type1/urw/times/utmri8a.pfb>
Output written on Report.pdf (11 pages, 1674965 bytes).
PDF statistics:
 203 PDF objects out of 1000 (max. 8388607)
 0 named destinations out of 1000 (max. 500000)
 171 words of extra memory for PDF output out of 10000 (max. 10000000)

